2023/08/14 14:17:33 dial tcp: lookup localhots: no such host
2023/08/14 14:17:47 connected fileserver....
2023/08/14 14:22:01 connected fileserver....
2023/08/14 14:22:08 connected fileserver....
2023/08/14 15:17:41 connected fileserver....
2023/08/14 15:21:17 connected fileserver....
2023/08/14 16:03:43 connected fileserver....
2023/08/14 16:04:51 connected fileserver....
2023/08/14 16:26:11 connected fileserver....
2023/08/14 16:26:29 connected fileserver....
2023/08/14 16:38:20 connected fileserver....
2023/08/14 16:45:42 dial tcp [::1]:8888: connect: connection refused
2023/08/14 16:45:48 connected fileserver....
2023/08/14 17:11:20 connected fileserver....
2023/08/14 17:12:58 connected fileserver....
2023/08/14 17:16:38 connected fileserver....
2023/08/14 17:46:20 connected fileserver....
2023/08/14 17:46:29 upload osopenfile err: open readme.md: no such file or directory
2023/08/14 17:46:29 File sent: readme.md
2023/08/14 17:46:46 dial tcp [::1]:8888: connect: connection refused
2023/08/14 17:46:53 connected fileserver....
2023/08/14 17:47:24 connected fileserver....
2023/08/14 17:50:14 connected fileserver....
2023/08/14 17:50:23 File sent: server.go
2023/08/14 17:50:46 File sent: client.go
